[2018-06-02 17:24:13] START
[2018-06-02 17:24:58] EDIT ProyectoModelos/models/menu.py: -94
[2018-06-02 17:29:35] EDIT ProyectoModelos/views/default/index.html: -17
[2018-06-02 17:29:56] EDIT ProyectoModelos/views/default/index.html: -15
[2018-06-02 17:30:39] EDIT ProyectoModelos/views/default/index.html: -3
[2018-06-02 17:31:14] EDIT ProyectoModelos/views/default/index.html: 13
[2018-06-02 17:33:16] CREATE css/misStyles.css: 0
[2018-06-02 17:33:24] EDIT ProyectoModelos/static/css/misStyles.css: 19
[2018-06-02 17:35:20] UPLOAD C:/Users/Victoria/Downloads/web2py_win/web2py/applications/ProyectoModelos/static/image.png: 10
[2018-06-02 17:35:52] EDIT ProyectoModelos/views/default/index.html: 0
[2018-06-02 17:37:10] EDIT ProyectoModelos/controllers/default.py: 2
[2018-06-02 17:37:50] EDIT ProyectoModelos/controllers/default.py: 0
[2018-06-02 17:38:50] CREATE default/secondo.html: 0
[2018-06-02 17:39:04] CREATE default/second.html: 0
[2018-06-02 17:40:11] EDIT ProyectoModelos/views/default/second.html: 95
[2018-06-02 17:41:25] EDIT ProyectoModelos/views/default/second.html: -10
[2018-06-02 17:41:44] EDIT ProyectoModelos/views/default/second.html: 0
[2018-06-02 17:47:40] UPLOAD C:/Users/Victoria/Downloads/web2py_win/web2py/applications/ProyectoModelos/static/js/script.js: 89
[2018-06-02 17:48:05] UPLOAD C:/Users/Victoria/Downloads/web2py_win/web2py/applications/ProyectoModelos/static/js/profesor.js: 60
[2018-06-02 17:48:42] UPLOAD C:/Users/Victoria/Downloads/web2py_win/web2py/applications/ProyectoModelos/static/js/jquery_1.11.0.min.js: 4
[2018-06-02 17:49:09] UPLOAD C:/Users/Victoria/Downloads/web2py_win/web2py/applications/ProyectoModelos/static/js/jquery_1.11.0.js: 8565
[2018-06-02 17:49:30] UPLOAD C:/Users/Victoria/Downloads/web2py_win/web2py/applications/ProyectoModelos/static/js/estudiante.js: 122
[2018-06-02 17:50:03] DELETE ProyectoModelos/static/css/misStyles.css.bak: 0
[2018-06-02 17:51:09] UPLOAD C:/Users/Victoria/Downloads/web2py_win/web2py/applications/ProyectoModelos/static/css/style.css: 30
[2018-06-02 17:52:40] UPLOAD C:/Users/Victoria/Downloads/web2py_win/web2py/applications/ProyectoModelos/static/Sprites/Estudiante/Abajo/1.png: 6
[2018-06-02 17:53:00] UPLOAD C:/Sprites/Estudiante/Abajo/1.png: 8
[2018-06-02 17:53:27] UPLOAD C:/Sprites/Estudiante/Abajo/1.png: 6
[2018-06-02 17:54:26] UPLOAD C:/Sprites/Estudiante/Abajo/2.png: 8
[2018-06-02 17:54:44] UPLOAD C:/Sprites/Estudiante/Abajo/3.png: 9
[2018-06-02 17:55:38] EDIT ProyectoModelos/views/default/second.html: 0
[2018-06-02 18:36:15] UPLOAD C:/Sprites/Estudiante/Abajo/2.png: 8
[2018-06-02 18:36:59] UPLOAD C:/Users/Victoria/Downloads/web2py_win/web2py/applications/ProyectoModelos/static/Sprites/Estudiante/Abajo/2.png: 8
[2018-06-02 18:37:44] UPLOAD C:/Users/Victoria/Downloads/web2py_win/web2py/applications/ProyectoModelos/static/Sprites/Estudiante/Abajo/3.png: 9
[2018-06-02 18:38:14] UPLOAD C:/Users/Victoria/Downloads/web2py_win/web2py/applications/ProyectoModelos/static/Sprites/Estudiante/Abajo/4.png: 4
[2018-06-02 18:38:43] UPLOAD C:/Users/Victoria/Downloads/web2py_win/web2py/applications/ProyectoModelos/static/Sprites/Estudiante/Abajo/5.png: 4
[2018-06-02 18:39:12] UPLOAD C:/Users/Victoria/Downloads/web2py_win/web2py/applications/ProyectoModelos/static/Sprites/Estudiante/Abajo/6.png: 7
[2018-06-02 18:40:35] UPLOAD C:/Users/Victoria/Downloads/web2py_win/web2py/applications/ProyectoModelos/static/Sprites/Estudiante/Arriba/1.png: 4
[2018-06-02 18:41:14] UPLOAD C:/Users/Victoria/Downloads/web2py_win/web2py/applications/ProyectoModelos/static/Sprites/Estudiante/Arriba/2.png: 13
[2018-06-02 18:41:40] UPLOAD C:/Users/Victoria/Downloads/web2py_win/web2py/applications/ProyectoModelos/static/Sprites/Estudiante/Arriba/3.png: 7
[2018-06-02 18:42:11] UPLOAD C:/Users/Victoria/Downloads/web2py_win/web2py/applications/ProyectoModelos/static/Sprites/Estudiante/Arriba/4.png: 6
[2018-06-02 18:42:40] UPLOAD C:/Users/Victoria/Downloads/web2py_win/web2py/applications/ProyectoModelos/static/Sprites/Estudiante/Arriba/5.png: 7
[2018-06-02 18:43:14] UPLOAD C:/Users/Victoria/Downloads/web2py_win/web2py/applications/ProyectoModelos/static/Sprites/Estudiante/Arriba/2.png: 5
[2018-06-02 18:43:35] UPLOAD C:/Users/Victoria/Downloads/web2py_win/web2py/applications/ProyectoModelos/static/Sprites/Estudiante/Arriba/2.png: 13
[2018-06-02 18:44:05] UPLOAD C:/Users/Victoria/Downloads/web2py_win/web2py/applications/ProyectoModelos/static/Sprites/Estudiante/Arriba/6.png: 5
[2018-06-02 18:44:32] UPLOAD C:/Users/Victoria/Downloads/web2py_win/web2py/applications/ProyectoModelos/static/Sprites/Estudiante/Arriba/7.png: 9
[2018-06-02 18:47:30] UPLOAD C:/Users/Victoria/Downloads/web2py_win/web2py/applications/ProyectoModelos/static/Sprites/Estudiante/Derecha/1.png: 9
[2018-06-02 18:48:13] UPLOAD C:/Users/Victoria/Downloads/web2py_win/web2py/applications/ProyectoModelos/static/Sprites/Estudiante/Derecha/2.png: 6
[2018-06-02 18:49:22] UPLOAD C:/Users/Victoria/Downloads/web2py_win/web2py/applications/ProyectoModelos/static/Sprites/Estudiante/Derecha/3.png: 8
[2018-06-02 18:50:03] UPLOAD C:/Users/Victoria/Downloads/web2py_win/web2py/applications/ProyectoModelos/static/Sprites/Estudiante/Derecha/4.png: 9
[2018-06-02 18:52:49] UPLOAD C:/Users/Victoria/Downloads/web2py_win/web2py/applications/ProyectoModelos/static/Sprites/Estudiante/Derecha/5.png: 6
[2018-06-02 18:54:40] UPLOAD C:/Users/Victoria/Downloads/web2py_win/web2py/applications/ProyectoModelos/static/Sprites/Estudiante/Derecha/6.png: 4
[2018-06-02 18:55:52] UPLOAD C:/Users/Victoria/Downloads/web2py_win/web2py/applications/ProyectoModelos/static/Sprites/Estudiante/Derecha/7.png: 6
[2018-06-02 18:57:12] UPLOAD C:/Users/Victoria/Downloads/web2py_win/web2py/applications/ProyectoModelos/static/Sprites/Estudiante/Izquierda/1.png: 7
[2018-06-02 18:59:21] UPLOAD C:/Users/Victoria/Downloads/web2py_win/web2py/applications/ProyectoModelos/static/Sprites/Estudiante/Izquierda/2.png: 7
[2018-06-02 19:00:37] UPLOAD C:/Users/Victoria/Downloads/web2py_win/web2py/applications/ProyectoModelos/static/Sprites/Estudiante/Izquierda/3.png: 10
[2018-06-02 19:01:10] UPLOAD C:/Users/Victoria/Downloads/web2py_win/web2py/applications/ProyectoModelos/static/Sprites/Estudiante/Izquierda/4.png: 6
[2018-06-02 19:01:49] UPLOAD C:/Users/Victoria/Downloads/web2py_win/web2py/applications/ProyectoModelos/static/Sprites/Estudiante/Izquierda/5.png: 8
[2018-06-02 19:02:18] UPLOAD C:/Users/Victoria/Downloads/web2py_win/web2py/applications/ProyectoModelos/static/Sprites/Estudiante/Izquierda/6.png: 8
[2018-06-02 19:02:46] UPLOAD C:/Users/Victoria/Downloads/web2py_win/web2py/applications/ProyectoModelos/static/Sprites/Estudiante/Izquierda/7.png: 6
[2018-06-02 19:04:22] UPLOAD C:/Users/Victoria/Downloads/web2py_win/web2py/applications/ProyectoModelos/static/Sprites/ProfesorBueno/Style1/abajo.png: 20
[2018-06-02 19:04:48] UPLOAD C:/Users/Victoria/Downloads/web2py_win/web2py/applications/ProyectoModelos/static/Sprites/ProfesorBueno/Style1/arriba.png: 20
[2018-06-02 19:05:59] UPLOAD C:/Users/Victoria/Downloads/web2py_win/web2py/applications/ProyectoModelos/static/Sprites/ProfesorBueno/Style1/derecha.png: 22
[2018-06-02 19:06:29] UPLOAD C:/Users/Victoria/Downloads/web2py_win/web2py/applications/ProyectoModelos/static/Sprites/ProfesorBueno/Style1/izquierda.png: 22
[2018-06-02 19:07:00] UPLOAD C:/Users/Victoria/Downloads/web2py_win/web2py/applications/ProyectoModelos/static/Sprites/ProfesorBueno/Style1/abajo.png: 10
[2018-06-02 19:07:26] UPLOAD C:/Users/Victoria/Downloads/web2py_win/web2py/applications/ProyectoModelos/static/Sprites/ProfesorBueno/Style1/abajo.png: 20
[2018-06-02 19:08:02] UPLOAD C:/Users/Victoria/Downloads/web2py_win/web2py/applications/ProyectoModelos/static/Sprites/ProfesorBueno/Style2/abajo.png: 10
[2018-06-02 19:08:30] UPLOAD C:/Users/Victoria/Downloads/web2py_win/web2py/applications/ProyectoModelos/static/Sprites/ProfesorBueno/Style2/arriba.png: 9
[2018-06-02 19:09:06] UPLOAD C:/Users/Victoria/Downloads/web2py_win/web2py/applications/ProyectoModelos/static/Sprites/ProfesorBueno/Style2/derecha.png: 11
[2018-06-02 19:09:36] UPLOAD C:/Users/Victoria/Downloads/web2py_win/web2py/applications/ProyectoModelos/static/Sprites/ProfesorBueno/Style2/izquierda.png: 17
[2018-06-02 19:10:28] UPLOAD C:/Users/Victoria/Downloads/web2py_win/web2py/applications/ProyectoModelos/static/Sprites/ProfesorMalo/Style1/abajo.png: 6
[2018-06-02 19:10:59] UPLOAD C:/Users/Victoria/Downloads/web2py_win/web2py/applications/ProyectoModelos/static/Sprites/ProfesorMalo/Style1/arriba.png: 5
[2018-06-02 19:11:32] UPLOAD C:/Users/Victoria/Downloads/web2py_win/web2py/applications/ProyectoModelos/static/Sprites/ProfesorMalo/Style1/derecha.png: 3
[2018-06-02 19:12:12] UPLOAD C:/Users/Victoria/Downloads/web2py_win/web2py/applications/ProyectoModelos/static/Sprites/ProfesorMalo/Style1/izquierda.png: 4
[2018-06-02 19:12:43] UPLOAD C:/Users/Victoria/Downloads/web2py_win/web2py/applications/ProyectoModelos/static/Sprites/ProfesorMalo/Style2/abajo.png: 13
[2018-06-02 19:13:12] UPLOAD C:/Users/Victoria/Downloads/web2py_win/web2py/applications/ProyectoModelos/static/Sprites/ProfesorMalo/Style2/arriba.png: 9
[2018-06-02 19:13:46] UPLOAD C:/Users/Victoria/Downloads/web2py_win/web2py/applications/ProyectoModelos/static/Sprites/ProfesorMalo/Style2/derecha.png: 12
[2018-06-02 19:14:21] UPLOAD C:/Users/Victoria/Downloads/web2py_win/web2py/applications/ProyectoModelos/static/Sprites/ProfesorMalo/Style2/izquierda.png: 17
[2018-06-02 19:15:05] EDIT ProyectoModelos/views/default/second.html: 0
[2018-06-02 19:16:52] EDIT ProyectoModelos/views/default/second.html: 0
[2018-06-02 19:28:57] EDIT ProyectoModelos/static/js/jquery.js: 0
[2018-06-02 19:29:26] EDIT ProyectoModelos/views/default/second.html: 0
[2018-06-02 19:29:52] EDIT ProyectoModelos/views/default/second.html: 0
[2018-06-02 19:30:10] EDIT ProyectoModelos/views/default/second.html: 0
[2018-06-02 19:30:18] EDIT ProyectoModelos/views/default/second.html: 0
[2018-06-02 19:30:51] EDIT ProyectoModelos/views/default/second.html: 0
[2018-06-02 19:31:24] EDIT ProyectoModelos/views/default/second.html: 0
[2018-06-02 19:41:13] EDIT ProyectoModelos/views/default/second.html: 2
[2018-06-02 19:42:53] EDIT ProyectoModelos/views/default/second.html: 0
[2018-06-02 19:43:22] EDIT ProyectoModelos/views/default/second.html: -2
[2018-06-02 21:41:43] EDIT ProyectoModelos/static/js/scriptjg.js: 0
[2018-06-02 21:47:30] EDIT ProyectoModelos/static/js/scriptjg.js: 0
[2018-06-02 22:51:02] DELETE ProyectoModelos/static/Sprites/Estudiante/Arriba/Thumbs.db: -1
[2018-06-03 09:59:47] EDIT proyectomodelos/views/default/index.html: 0
[2018-06-03 09:59:56] EDIT proyectomodelos/views/default/index.html: 0
[2018-06-03 10:00:06] EDIT proyectomodelos/views/default/index.html: 0
[2018-06-03 10:01:42] EDIT proyectomodelos/views/default/index.html: 0
[2018-06-03 10:02:03] EDIT proyectomodelos/views/default/index.html: 0
[2018-06-03 10:02:20] EDIT proyectomodelos/controllers/default.py: 0
[2018-06-03 10:02:49] EDIT proyectomodelos/controllers/default.py: 0
[2018-06-03 10:06:13] EDIT proyectomodelos/models/db.py: 16
[2018-06-03 10:09:12] EDIT proyectomodelos/controllers/default.py: 1
[2018-06-03 10:09:51] EDIT proyectomodelos/controllers/default.py: 0
[2018-06-03 10:12:28] EDIT proyectomodelos/controllers/default.py: 0
[2018-06-03 10:12:51] EDIT proyectomodelos/controllers/default.py: 0
[2018-06-03 10:13:18] EDIT proyectomodelos/controllers/default.py: 0
[2018-06-03 10:13:41] EDIT proyectomodelos/controllers/default.py: 0
[2018-06-03 10:17:59] EDIT proyectomodelos/controllers/default.py: 0
[2018-06-03 10:21:42] EDIT proyectomodelos/views/default/index.html: 5
[2018-06-03 10:23:48] EDIT proyectomodelos/views/default/index.html: 1
[2018-06-03 10:24:05] EDIT proyectomodelos/views/default/index.html: 0
[2018-06-03 10:24:17] EDIT proyectomodelos/views/default/index.html: 0
[2018-06-03 10:24:35] EDIT proyectomodelos/views/default/index.html: 0
[2018-06-03 10:24:49] EDIT proyectomodelos/views/default/index.html: 0
[2018-06-03 10:25:31] EDIT proyectomodelos/views/default/index.html: 0
[2018-06-03 10:27:14] EDIT proyectomodelos/static/css/misStyles.css: 2
[2018-06-03 10:27:48] EDIT proyectomodelos/views/default/index.html: 3
[2018-06-03 10:30:33] EDIT proyectomodelos/static/css/misStyles.css: 2
[2018-06-03 10:30:47] EDIT proyectomodelos/static/css/misStyles.css: 0
[2018-06-03 10:31:24] EDIT proyectomodelos/views/default/index.html: -1
[2018-06-03 11:11:14] EDIT proyectomodelos/controllers/default.py: 0
[2018-06-03 11:11:35] EDIT proyectomodelos/controllers/default.py: 0
[2018-06-03 11:21:17] EDIT proyectomodelos/controllers/default.py: 2
[2018-06-03 11:22:08] CREATE default/juegos.html: 0
[2018-06-03 11:23:10] EDIT proyectomodelos/views/default/juegos.html: 21
[2018-06-03 11:23:12] EDIT proyectomodelos/views/default/index.html: 0
[2018-06-03 11:23:28] EDIT proyectomodelos/views/default/index.html: -11
[2018-06-03 11:24:32] EDIT proyectomodelos/views/default/index.html: 3
[2018-06-03 11:24:59] EDIT proyectomodelos/views/default/index.html: 0
[2018-06-03 11:25:25] EDIT proyectomodelos/views/default/index.html: 0
[2018-06-03 11:25:45] EDIT proyectomodelos/views/default/index.html: 0
[2018-06-03 11:26:41] EDIT proyectomodelos/views/default/index.html: 0
[2018-06-03 11:27:07] EDIT proyectomodelos/views/default/index.html: 0
[2018-06-03 11:27:36] EDIT proyectomodelos/views/default/index.html: 0
[2018-06-03 11:28:02] EDIT proyectomodelos/views/default/index.html: 0
[2018-06-03 11:31:24] EDIT proyectomodelos/views/default/index.html: 0
[2018-06-03 11:31:55] EDIT proyectomodelos/views/default/index.html: 2
[2018-06-03 11:33:47] EDIT proyectomodelos/models/db.py: -1
[2018-06-03 11:35:07] EDIT proyectomodelos/views/default/index.html: 1
[2018-06-03 11:35:33] EDIT proyectomodelos/views/default/index.html: 0
[2018-06-03 11:35:51] EDIT proyectomodelos/views/default/index.html: 0
[2018-06-03 11:36:39] EDIT proyectomodelos/views/default/index.html: 1
[2018-06-03 11:37:18] EDIT proyectomodelos/views/default/index.html: 0
[2018-06-03 11:37:47] EDIT proyectomodelos/views/default/index.html: 0
[2018-06-03 11:39:53] EDIT proyectomodelos/views/default/index.html: 2
[2018-06-03 11:40:33] EDIT proyectomodelos/views/default/index.html: -2
[2018-06-03 11:41:09] EDIT proyectomodelos/views/default/index.html: 0
[2018-06-03 11:42:12] EDIT proyectomodelos/views/default/index.html: 0
[2018-06-03 11:42:48] EDIT proyectomodelos/views/default/index.html: 0
[2018-06-03 11:43:14] EDIT proyectomodelos/views/default/index.html: 0
[2018-06-03 11:43:42] EDIT proyectomodelos/views/default/index.html: 0
[2018-06-03 11:44:19] EDIT proyectomodelos/views/default/index.html: 0
[2018-06-03 11:46:46] EDIT proyectomodelos/views/default/juegos.html: 0
[2018-06-03 11:47:07] EDIT proyectomodelos/views/default/juegos.html: 0
[2018-06-03 11:47:21] EDIT proyectomodelos/views/default/juegos.html: 0
[2018-06-03 11:48:20] EDIT proyectomodelos/views/default/juegos.html: 0
[2018-06-03 11:48:32] EDIT proyectomodelos/views/default/juegos.html: 0
[2018-06-03 11:53:00] EDIT proyectomodelos/views/default/juegos.html: 7
[2018-06-03 11:53:26] EDIT proyectomodelos/views/default/juegos.html: 0
[2018-06-03 11:55:29] EDIT proyectomodelos/controllers/default.py: 1
[2018-06-03 11:59:02] EDIT proyectomodelos/views/default/juegos.html: 1
[2018-06-03 11:59:48] EDIT proyectomodelos/views/default/index.html: 0
[2018-06-03 12:00:07] EDIT proyectomodelos/views/default/index.html: 0
[2018-06-03 12:00:17] EDIT proyectomodelos/views/default/index.html: 0
[2018-06-03 12:01:22] EDIT proyectomodelos/views/default/juegos.html: 2
[2018-06-03 12:02:07] EDIT proyectomodelos/views/default/index.html: 0
[2018-06-03 12:02:44] EDIT proyectomodelos/views/default/index.html: 0
[2018-06-03 12:03:17] EDIT proyectomodelos/views/default/juegos.html: 0
[2018-06-03 12:03:51] EDIT proyectomodelos/views/default/juegos.html: 0
[2018-06-03 12:04:10] EDIT proyectomodelos/views/default/juegos.html: 0
[2018-06-03 12:04:44] EDIT proyectomodelos/views/default/juegos.html: 3
[2018-06-03 12:05:02] EDIT proyectomodelos/views/default/juegos.html: -1
[2018-06-03 12:05:07] EDIT proyectomodelos/views/default/juegos.html: 0
[2018-06-03 12:05:23] EDIT proyectomodelos/views/default/juegos.html: 1
[2018-06-03 12:05:35] EDIT proyectomodelos/views/default/juegos.html: -1
[2018-06-03 12:08:02] EDIT proyectomodelos/views/default/juegos.html: 1
[2018-06-03 12:08:32] EDIT proyectomodelos/views/default/juegos.html: 0
[2018-06-03 12:08:54] EDIT proyectomodelos/views/default/juegos.html: 0
[2018-06-03 12:09:14] EDIT proyectomodelos/views/default/juegos.html: -1
[2018-06-03 12:10:18] EDIT proyectomodelos/views/default/juegos.html: 1
[2018-06-03 12:10:49] EDIT proyectomodelos/views/default/juegos.html: 2
[2018-06-03 12:11:29] EDIT proyectomodelos/views/default/juegos.html: 0
[2018-06-03 12:12:06] EDIT proyectomodelos/views/default/juegos.html: 0
[2018-06-03 12:12:21] EDIT proyectomodelos/views/default/juegos.html: 0
[2018-06-03 12:12:25] EDIT proyectomodelos/views/default/juegos.html: 0
[2018-06-03 12:12:36] EDIT proyectomodelos/views/default/juegos.html: 0
[2018-06-03 12:13:43] EDIT proyectomodelos/views/default/juegos.html: 0
[2018-06-03 12:14:32] EDIT proyectomodelos/views/default/juegos.html: 2
[2018-06-03 12:15:23] EDIT proyectomodelos/views/default/juegos.html: 2
[2018-06-03 12:17:19] EDIT proyectomodelos/views/default/juegos.html: 3
[2018-06-03 12:17:27] EDIT proyectomodelos/views/default/juegos.html: 0
[2018-06-03 12:18:25] EDIT proyectomodelos/views/default/juegos.html: 1
[2018-06-03 12:19:08] EDIT proyectomodelos/views/default/juegos.html: 0
[2018-06-03 12:19:17] EDIT proyectomodelos/views/default/juegos.html: 0
[2018-06-03 12:20:16] EDIT proyectomodelos/views/default/juegos.html: 0
[2018-06-03 12:20:39] EDIT proyectomodelos/views/default/juegos.html: 0
[2018-06-03 12:23:15] EDIT proyectomodelos/views/default/juegos.html: 0
[2018-06-03 12:24:31] EDIT proyectomodelos/views/default/juegos.html: 1
[2018-06-03 12:25:15] EDIT proyectomodelos/views/default/juegos.html: 0
[2018-06-03 12:26:08] EDIT proyectomodelos/views/default/juegos.html: 1
[2018-06-03 18:30:56] EDIT proyectomodelos/views/default/juegos.html: 0
[2018-06-03 18:31:48] EDIT proyectomodelos/views/default/index.html: 0
[2018-06-03 18:32:24] EDIT proyectomodelos/views/default/juegos.html: 0
[2018-06-03 18:34:13] EDIT proyectomodelos/views/default/juegos.html: -2
[2018-06-03 18:35:20] EDIT proyectomodelos/views/default/juegos.html: 1
[2018-06-03 18:35:26] EDIT proyectomodelos/views/default/juegos.html: 0
[2018-06-03 18:36:19] EDIT proyectomodelos/views/default/juegos.html: 0
[2018-06-03 18:36:59] EDIT proyectomodelos/views/default/juegos.html: 0
[2018-06-03 18:37:29] EDIT proyectomodelos/views/default/juegos.html: 0
[2018-06-03 18:37:50] EDIT proyectomodelos/views/default/juegos.html: 0
[2018-06-03 18:38:15] EDIT proyectomodelos/views/default/juegos.html: 0
[2018-06-03 18:40:56] EDIT proyectomodelos/views/default/juegos.html: 1
[2018-06-03 18:42:02] EDIT proyectomodelos/views/default/juegos.html: 0
[2018-06-03 18:42:26] EDIT proyectomodelos/views/default/juegos.html: 0
[2018-06-03 18:42:37] EDIT proyectomodelos/views/default/juegos.html: 0
[2018-06-03 18:44:38] EDIT proyectomodelos/views/default/juegos.html: 1
[2018-06-03 18:44:52] EDIT proyectomodelos/views/default/juegos.html: 0
[2018-06-03 18:45:47] EDIT proyectomodelos/views/default/juegos.html: 0
[2018-06-03 18:46:24] EDIT proyectomodelos/views/default/juegos.html: 0
[2018-06-03 18:46:56] EDIT proyectomodelos/views/default/juegos.html: -1
[2018-06-03 18:47:31] EDIT proyectomodelos/views/default/juegos.html: 1
[2018-06-03 18:48:03] EDIT proyectomodelos/views/default/juegos.html: 0
[2018-06-03 18:49:08] EDIT proyectomodelos/views/default/juegos.html: 1
[2018-06-03 18:49:21] EDIT proyectomodelos/views/default/juegos.html: -1
[2018-06-03 18:49:37] EDIT proyectomodelos/views/default/juegos.html: 1
[2018-06-03 18:50:29] EDIT proyectomodelos/views/default/juegos.html: 0
[2018-06-03 18:50:41] EDIT proyectomodelos/views/default/juegos.html: 0
[2018-06-03 18:51:42] EDIT proyectomodelos/controllers/default.py: 1
[2018-06-03 18:52:06] EDIT proyectomodelos/controllers/default.py: -1
[2018-06-03 19:03:38] EDIT proyectomodelos/views/default/juegos.html: 1
[2018-06-03 19:06:31] EDIT proyectomodelos/controllers/default.py: 2
[2018-06-03 19:08:00] CREATE Juegos.py: 0
[2018-06-03 19:08:15] EDIT proyectomodelos/controllers/default.py: -2
[2018-06-03 19:08:41] EDIT proyectomodelos/controllers/Juegos.py: 1
[2018-06-03 19:09:06] CREATE Juegos/pacman.html: 0
[2018-06-03 19:19:52] EDIT proyectomodelos/views/default/juegos.html: 0
[2018-06-03 19:20:37] DELETE proyectomodelos/controllers/Juegos.py: -2
[2018-06-03 19:20:56] EDIT proyectomodelos/views/default/juegos.html: 0
[2018-06-03 19:27:00] EDIT proyectomodelos/views/default/index.html: -1
[2018-06-03 19:28:52] CREATE juegos.py: 0
[2018-06-03 19:29:47] EDIT proyectomodelos/controllers/juegos.py: 1
[2018-06-03 19:30:21] EDIT proyectomodelos/controllers/juegos.py: 0
[2018-06-03 19:30:53] CREATE juegos/pacman.html: 0
[2018-06-03 19:43:51] EDIT proyectomodelos/views/default/juegos.html: 0
[2018-06-03 19:44:00] EDIT proyectomodelos/views/default/juegos.html: 0
[2018-06-03 19:54:55] EDIT proyectomodelos/views/juegos/pacman.html: 0
[2018-06-03 19:54:59] EDIT proyectomodelos/views/juegos/pacman.html: 0

[2018-06-04 10:29:39] CREATE Jugador.py: 0
[2018-06-04 10:31:47] EDIT proyectomodelos/controllers/Jugador.py: 2
[2018-06-04 10:35:46] CREATE vistaJuego.py: 0
[2018-06-04 10:35:54] CREATE vistaRegistros.py: 0
[2018-06-04 10:36:25] EDIT proyectomodelos/controllers/vistaJuego.py: 2
[2018-06-04 10:37:16] EDIT proyectomodelos/controllers/vistaRegistros.py: 2
[2018-06-04 10:39:29] EDIT proyectomodelos/views/default/juegos.html: 0
[2018-06-04 10:43:29] EDIT proyectomodelos/views/default/juegos.html: 1
[2018-06-04 10:44:02] EDIT proyectomodelos/views/default/juegos.html: 0
[2018-06-04 10:45:58] EDIT proyectomodelos/models/db.py: -16
[2018-06-04 10:46:13] EDIT proyectomodelos/models/db.py: 16
[2018-06-04 10:51:44] EDIT proyectomodelos/models/db.py: 0
[2018-06-04 10:52:28] EDIT proyectomodelos/models/db.py: 0
[2018-06-04 10:54:28] EDIT proyectomodelos/views/default/juegos.html: -5
[2018-06-04 10:55:41] EDIT proyectomodelos/views/default/juegos.html: -1
[2018-06-04 10:59:18] EDIT proyectomodelos/views/default/juegos.html: 0
[2018-06-04 11:00:02] EDIT proyectomodelos/views/default/juegos.html: 0
[2018-06-04 11:01:56] EDIT proyectomodelos/views/default/juegos.html: 0
[2018-06-04 11:02:05] EDIT proyectomodelos/views/default/juegos.html: 0
[2018-06-04 11:04:58] EDIT proyectomodelos/views/default/juegos.html: 0
[2018-06-04 11:05:38] EDIT proyectomodelos/views/default/juegos.html: 0
[2018-06-04 11:06:19] EDIT proyectomodelos/views/default/juegos.html: 0
[2018-06-04 11:07:02] EDIT proyectomodelos/views/default/juegos.html: 0
[2018-06-04 11:07:58] EDIT proyectomodelos/views/default/juegos.html: 0
[2018-06-04 11:08:17] EDIT proyectomodelos/views/default/juegos.html: 0
[2018-06-04 11:08:30] EDIT proyectomodelos/views/default/juegos.html: 1
[2018-06-04 11:08:41] EDIT proyectomodelos/views/default/juegos.html: -1
[2018-06-04 11:09:49] EDIT proyectomodelos/views/default/juegos.html: 0
[2018-06-04 11:11:07] EDIT proyectomodelos/views/default/juegos.html: 0
[2018-06-04 11:11:36] EDIT proyectomodelos/views/default/juegos.html: 0
[2018-06-04 11:12:36] EDIT proyectomodelos/views/default/juegos.html: 0
[2018-06-04 11:13:20] EDIT proyectomodelos/views/default/juegos.html: 0
[2018-06-04 11:13:31] EDIT proyectomodelos/views/default/juegos.html: 0
[2018-06-04 11:14:06] EDIT proyectomodelos/views/default/juegos.html: 0
[2018-06-04 11:15:38] EDIT proyectomodelos/views/default/juegos.html: 0
[2018-06-04 11:16:10] EDIT proyectomodelos/views/default/juegos.html: 0
[2018-06-04 11:16:41] EDIT proyectomodelos/views/default/juegos.html: 0
[2018-06-04 11:19:17] EDIT proyectomodelos/views/default/juegos.html: 0
[2018-06-04 11:22:54] EDIT proyectomodelos/views/default/juegos.html: -1
[2018-06-04 11:27:42] EDIT proyectomodelos/views/default/juegos.html: -4
[2018-06-04 11:28:40] EDIT proyectomodelos/controllers/default.py: 1
[2018-06-04 11:32:30] EDIT proyectomodelos/controllers/default.py: 1
[2018-06-04 11:41:03] EDIT proyectomodelos/controllers/default.py: 1
[2018-06-04 11:45:28] EDIT proyectomodelos/controllers/default.py: 1
[2018-06-04 11:46:54] EDIT proyectomodelos/controllers/default.py: 1
[2018-06-04 11:49:56] EDIT proyectomodelos/controllers/default.py: 0
[2018-06-04 11:51:07] EDIT proyectomodelos/controllers/default.py: 0
[2018-06-04 12:33:15] EDIT proyectomodelos/controllers/default.py: 0
[2018-06-04 12:33:32] EDIT proyectomodelos/controllers/default.py: 0
[2018-06-04 12:35:34] EDIT proyectomodelos/controllers/default.py: 0
[2018-06-04 12:36:47] EDIT proyectomodelos/controllers/default.py: 0
[2018-06-04 12:40:37] EDIT proyectomodelos/controllers/default.py: 0
[2018-06-04 12:41:01] EDIT proyectomodelos/controllers/default.py: 0
[2018-06-04 12:41:21] EDIT proyectomodelos/controllers/default.py: 0
[2018-06-04 12:43:59] EDIT proyectomodelos/controllers/default.py: 0
[2018-06-04 12:45:05] EDIT proyectomodelos/controllers/default.py: 0
[2018-06-04 12:50:46] EDIT proyectomodelos/views/default/juegos.html: 0
[2018-06-04 12:56:02] EDIT proyectomodelos/views/default/juegos.html: 1
[2018-06-04 12:59:35] EDIT proyectomodelos/views/default/juegos.html: -1
[2018-06-04 13:06:38] EDIT proyectomodelos/controllers/default.py: 3
[2018-06-04 13:10:20] EDIT proyectomodelos/views/default/llorona.html: 0
[2018-06-04 13:10:34] EDIT proyectomodelos/views/default/llorona.html: 0
[2018-06-04 13:11:35] EDIT proyectomodelos/views/default/llorona.html: 0
[2018-06-04 13:11:45] EDIT proyectomodelos/views/default/llorona.html: 0
[2018-06-04 13:12:23] EDIT proyectomodelos/views/default/llorona.html: 0
[2018-06-04 13:15:29] EDIT proyectomodelos/views/default/llorona.html: 0
[2018-06-04 13:19:41] EDIT proyectomodelos/views/default/llorona.html: 0
[2018-06-04 13:19:49] EDIT proyectomodelos/views/default/llorona.html: 0
[2018-06-04 13:27:40] EDIT proyectomodelos/static/css/estilos/default.css: 0
[2018-06-04 13:28:19] EDIT proyectomodelos/static/css/estilos/default.css: 0
[2018-06-04 13:35:54] EDIT proyectomodelos/views/default/elude.html: -5
[2018-06-04 13:37:00] EDIT proyectomodelos/controllers/default.py: 0
[2018-06-04 13:43:09] EDIT proyectomodelos/views/default/elude.html: -1
[2018-06-04 13:45:27] DELETE proyectomodelos/controllers/Jugador.py: -3
[2018-06-04 13:47:34] CREATE vistaJugador.py: 0
[2018-06-04 13:48:05] EDIT proyectomodelos/controllers/vistaJugador.py: 2
[2018-06-04 13:49:46] EDIT proyectomodelos/views/default/juegos.html: 1
[2018-06-04 13:54:30] EDIT proyectomodelos/views/default/juegos.html: 4
[2018-06-04 13:55:15] EDIT proyectomodelos/views/default/juegos.html: 0
[2018-06-04 13:56:02] EDIT proyectomodelos/controllers/default.py: 0
[2018-06-04 13:56:43] EDIT proyectomodelos/controllers/default.py: 0
[2018-06-04 13:57:21] EDIT proyectomodelos/views/default/juegos.html: -1
[2018-06-04 13:58:43] EDIT proyectomodelos/controllers/default.py: 0
[2018-06-04 13:58:55] EDIT proyectomodelos/views/default/juegos.html: -3
[2018-06-04 14:00:08] EDIT proyectomodelos/views/default/juegos.html: 0
[2018-06-04 14:16:38] EDIT proyectomodelos/views/default/juegos.html: 2
[2018-06-04 14:17:19] EDIT proyectomodelos/views/default/juegos.html: 0
[2018-06-04 14:17:42] EDIT proyectomodelos/views/default/juegos.html: -1
[2018-06-04 14:18:13] EDIT proyectomodelos/views/default/juegos.html: -1
[2018-06-04 14:20:40] EDIT proyectomodelos/views/default/juegos.html: 1
[2018-06-04 14:21:01] EDIT proyectomodelos/controllers/default.py: 0
[2018-06-04 14:21:34] EDIT proyectomodelos/views/default/juegos.html: 0
[2018-06-04 14:21:57] EDIT proyectomodelos/views/default/juegos.html: 0
[2018-06-04 14:22:19] EDIT proyectomodelos/views/default/juegos.html: 1
[2018-06-04 14:23:02] EDIT proyectomodelos/views/default/juegos.html: 0
[2018-06-04 14:23:06] EDIT proyectomodelos/views/default/juegos.html: 0
[2018-06-04 14:23:13] EDIT proyectomodelos/views/default/juegos.html: 0
[2018-06-04 14:25:09] EDIT proyectomodelos/views/default/juegos.html: 3
[2018-06-04 14:25:53] EDIT proyectomodelos/views/default/juegos.html: 0
[2018-06-04 14:26:50] EDIT proyectomodelos/views/default/juegos.html: 1
[2018-06-04 14:26:58] EDIT proyectomodelos/views/default/juegos.html: 0
[2018-06-04 14:27:16] EDIT proyectomodelos/views/default/juegos.html: 0
[2018-06-04 14:28:17] EDIT proyectomodelos/views/default/juegos.html: -1
[2018-06-04 14:31:36] EDIT proyectomodelos/views/default/juegos.html: 17
[2018-06-04 14:32:00] EDIT proyectomodelos/views/default/juegos.html: 0
[2018-06-04 14:32:20] EDIT proyectomodelos/views/default/juegos.html: 0
[2018-06-04 14:33:08] EDIT proyectomodelos/views/default/juegos.html: 2
[2018-06-04 14:33:14] EDIT proyectomodelos/views/default/juegos.html: -1
[2018-06-04 14:34:12] EDIT proyectomodelos/views/default/juegos.html: -25
[2018-06-04 14:34:42] EDIT proyectomodelos/views/default/juegos.html: 0
[2018-06-04 14:36:05] EDIT proyectomodelos/views/default/juegos.html: 1
[2018-06-04 14:36:45] EDIT proyectomodelos/views/default/second.html: 0
[2018-06-04 14:37:45] EDIT proyectomodelos/views/default/second.html: 0
[2018-06-04 14:53:13] EDIT proyectomodelos/views/default/juegos.html: 0
[2018-06-04 14:54:49] EDIT proyectomodelos/views/default/juegos.html: 1
[2018-06-04 14:55:36] EDIT proyectomodelos/views/default/second.html: 0
[2018-06-04 14:55:50] EDIT proyectomodelos/views/default/second.html: 0
[2018-06-04 14:56:57] EDIT proyectomodelos/views/default/second.html: 0
[2018-06-04 15:11:41] EDIT proyectomodelos/views/default/juegos.html: 10
[2018-06-04 15:13:36] EDIT proyectomodelos/views/default/juegos.html: -15
[2018-06-04 15:16:47] EDIT proyectomodelos/controllers/default.py: 1
[2018-06-04 15:17:20] EDIT proyectomodelos/controllers/default.py: 0
[2018-06-04 15:17:57] EDIT proyectomodelos/controllers/default.py: 0
[2018-06-04 15:18:05] EDIT proyectomodelos/controllers/default.py: 0
[2018-06-04 15:18:12] EDIT proyectomodelos/views/default/second.html: 0
[2018-06-04 15:18:38] EDIT proyectomodelos/controllers/default.py: -1
[2018-06-04 15:20:54] EDIT proyectomodelos/controllers/default.py: 1
[2018-06-04 15:21:24] EDIT proyectomodelos/controllers/default.py: 0
[2018-06-04 15:34:57] EDIT proyectomodelos/views/default/juegos.html: 1
[2018-06-04 15:36:08] EDIT proyectomodelos/controllers/default.py: 3
[2018-06-04 15:36:29] EDIT proyectomodelos/controllers/default.py: 0
[2018-06-04 15:36:35] EDIT proyectomodelos/views/default/juegos.html: 0
[2018-06-04 15:37:09] EDIT proyectomodelos/controllers/default.py: 0
[2018-06-04 15:39:37] EDIT proyectomodelos/views/default/juegos.html: 0
[2018-06-04 15:40:04] EDIT proyectomodelos/views/default/juegos.html: 0
[2018-06-04 15:43:15] EDIT proyectomodelos/views/default/juegos.html: 0
[2018-06-04 15:43:24] EDIT proyectomodelos/controllers/default.py: 0
[2018-06-04 15:45:08] EDIT proyectomodelos/views/default/juegos.html: 0
[2018-06-04 15:45:58] EDIT proyectomodelos/controllers/default.py: 0
[2018-06-04 15:47:11] EDIT proyectomodelos/views/default/juegos.html: 0
[2018-06-04 15:47:59] EDIT proyectomodelos/views/default/juegos.html: 0
[2018-06-04 15:52:55] EDIT proyectomodelos/views/default/juegos.html: 0
[2018-06-04 15:53:07] EDIT proyectomodelos/views/default/juegos.html: 0
[2018-06-04 15:53:09] EDIT proyectomodelos/controllers/default.py: 0
[2018-06-04 15:54:15] EDIT proyectomodelos/views/default/juegos.html: 0
[2018-06-04 15:54:34] EDIT proyectomodelos/views/default/juegos.html: 0
[2018-06-04 15:55:54] EDIT proyectomodelos/views/default/juegos.html: 0
[2018-06-04 15:56:17] EDIT proyectomodelos/views/default/juegos.html: 0
[2018-06-04 15:56:33] EDIT proyectomodelos/views/default/juegos.html: 0
[2018-06-04 16:00:54] EDIT proyectomodelos/views/default/juegos.html: 0
[2018-06-04 16:01:13] EDIT proyectomodelos/views/default/juegos.html: 0
[2018-06-04 16:01:46] EDIT proyectomodelos/views/default/juegos.html: 0
[2018-06-04 16:02:18] EDIT proyectomodelos/views/default/juegos.html: 0
[2018-06-04 16:02:29] EDIT proyectomodelos/views/default/juegos.html: 0
[2018-06-04 16:02:44] EDIT proyectomodelos/views/default/juegos.html: 0
[2018-06-04 16:03:19] EDIT proyectomodelos/views/default/juegos.html: 0
[2018-06-04 16:03:44] EDIT proyectomodelos/views/default/juegos.html: 0
[2018-06-04 16:09:49] EDIT proyectomodelos/views/default/juegos.html: 0
[2018-06-04 16:10:47] EDIT proyectomodelos/views/default/juegos.html: 0
[2018-06-04 16:11:02] EDIT proyectomodelos/views/default/juegos.html: 0
[2018-06-04 16:13:11] EDIT proyectomodelos/views/default/juegos.html: 0
[2018-06-04 16:14:35] EDIT proyectomodelos/views/default/juegos.html: 0
[2018-06-04 16:17:04] EDIT proyectomodelos/controllers/default.py: 1
[2018-06-04 16:17:27] EDIT proyectomodelos/controllers/default.py: 0
[2018-06-04 16:22:19] EDIT proyectomodelos/controllers/default.py: 0
[2018-06-04 16:25:25] EDIT proyectomodelos/views/default/juegos.html: 0
[2018-06-04 16:28:33] EDIT proyectomodelos/views/default/juegos.html: 1
[2018-06-04 16:28:56] EDIT proyectomodelos/views/default/juegos.html: 0
[2018-06-04 16:29:42] EDIT proyectomodelos/views/default/juegos.html: 0
[2018-06-04 16:30:41] EDIT proyectomodelos/views/default/juegos.html: 0
[2018-06-04 16:31:43] EDIT proyectomodelos/views/default/juegos.html: 0
[2018-06-04 16:32:30] EDIT proyectomodelos/views/default/juegos.html: 0
[2018-06-04 16:32:35] EDIT proyectomodelos/views/default/juegos.html: 0
[2018-06-04 16:32:47] EDIT proyectomodelos/views/default/juegos.html: 1
[2018-06-04 16:32:56] EDIT proyectomodelos/views/default/juegos.html: 0
[2018-06-04 16:40:46] EDIT proyectomodelos/controllers/default.py: 6
[2018-06-04 16:41:14] EDIT proyectomodelos/controllers/default.py: 0
[2018-06-04 16:42:21] EDIT proyectomodelos/models/db.py: 0
[2018-06-04 16:42:49] EDIT proyectomodelos/controllers/default.py: 0
[2018-06-04 16:42:51] EDIT proyectomodelos/controllers/default.py: 0
[2018-06-04 16:43:34] EDIT proyectomodelos/controllers/default.py: 0
[2018-06-04 16:52:57] EDIT proyectomodelos/views/default/juegos.html: 18
[2018-06-04 16:54:31] EDIT proyectomodelos/views/default/juegos.html: 0
[2018-06-04 16:58:31] EDIT proyectomodelos/views/default/juegos.html: -1
[2018-06-04 16:59:34] EDIT proyectomodelos/views/default/juegos.html: -10
[2018-06-04 17:00:22] EDIT proyectomodelos/views/default/juegos.html: -1
[2018-06-04 17:01:20] EDIT proyectomodelos/views/default/juegos.html: 1
[2018-06-04 17:01:59] EDIT proyectomodelos/views/default/juegos.html: 0
[2018-06-04 17:02:44] EDIT proyectomodelos/views/default/juegos.html: 0
[2018-06-04 17:03:10] EDIT proyectomodelos/views/default/juegos.html: 0
[2018-06-04 17:03:20] EDIT proyectomodelos/views/default/juegos.html: 0
[2018-06-04 17:05:16] EDIT proyectomodelos/views/default/juegos.html: 0
[2018-06-04 17:06:03] EDIT proyectomodelos/views/default/juegos.html: 0
[2018-06-04 17:06:50] EDIT proyectomodelos/views/default/juegos.html: 0
[2018-06-04 17:07:54] EDIT proyectomodelos/views/default/juegos.html: 0
[2018-06-04 17:08:34] EDIT proyectomodelos/views/default/juegos.html: 0
[2018-06-04 17:08:46] EDIT proyectomodelos/views/default/juegos.html: 0
[2018-06-04 17:09:01] EDIT proyectomodelos/views/default/juegos.html: 0
[2018-06-04 17:09:15] EDIT proyectomodelos/views/default/juegos.html: 0
[2018-06-04 17:09:35] EDIT proyectomodelos/views/default/juegos.html: 0
[2018-06-04 17:09:56] EDIT proyectomodelos/views/default/juegos.html: 0
[2018-06-04 17:10:19] EDIT proyectomodelos/views/default/juegos.html: 0
[2018-06-04 17:10:59] EDIT proyectomodelos/views/default/juegos.html: 10
[2018-06-04 17:11:45] EDIT proyectomodelos/views/default/juegos.html: 0
[2018-06-04 17:11:51] EDIT proyectomodelos/views/default/juegos.html: 0
[2018-06-04 17:12:35] EDIT proyectomodelos/views/default/juegos.html: 0
[2018-06-04 17:12:56] EDIT proyectomodelos/views/default/juegos.html: 0
[2018-06-04 17:13:31] EDIT proyectomodelos/views/default/juegos.html: 0
[2018-06-04 17:13:37] EDIT proyectomodelos/views/default/juegos.html: 0
